Using pre-set license
Built from '2020.3/staging' branch; Version is '2020.3.11f1 (99c7afb366b3) revision 10078127'; Using compiler version '192528614'; Build Type 'Release'
OS: 'Windows 10 Enterprise; OS build 18363.1854; Version 1909; 64bit' Language: 'en' Physical Memory: 32709 MB
BatchMode: 1, IsHumanControllingUs: 0, StartBugReporterOnCrash: 0, Is64bit: 1, IsPro: 0

 COMMAND LINE ARGUMENTS:
C:\Program Files\Unity\Editor\Unity.exe
-adb2
-batchMode
-noUpm
-name
AssetImportWorker0
-projectPath
C:/Users/student/Documents/GitHub/WallRun
-logFile
Logs/AssetImportWorker0.log
-srvPort
61246
Successfully changed project path to: C:/Users/student/Documents/GitHub/WallRun
C:/Users/student/Documents/GitHub/WallRun
Using Asset Import Pipeline V2.
Refreshing native plugins compatible for Editor in 33.03 ms, found 2 plugins.
Preloading 0 native plugins for Editor in 0.00 ms.
Initialize engine version: 2020.3.11f1 (99c7afb366b3)
[Subsystems] Discovering subsystems at path C:/Program Files/Unity/Editor/Data/Resources/UnitySubsystems
[Subsystems] Discovering subsystems at path C:/Users/student/Documents/GitHub/WallRun/Assets
GfxDevice: creating device client; threaded=0
Direct3D:
    Version:  Direct3D 11.0 [level 11.1]
    Renderer: NVIDIA Quadro M2000 (ID=0x1430)
    Vendor:   
    VRAM:     4044 MB
    Driver:   25.21.14.1967
Initialize mono
Mono path[0] = 'C:/Program Files/Unity/Editor/Data/Managed'
Mono path[1] = 'C:/Program Files/Unity/Editor/Data/MonoBleedingEdge/lib/mono/unityjit'
Mono config path = 'C:/Program Files/Unity/Editor/Data/MonoBleedingEdge/etc'
Using monoOptions --debugger-agent=transport=dt_socket,embedding=1,server=y,suspend=n,address=127.0.0.1:56520
Begin MonoManager ReloadAssembly
Registering precompiled unity dll's ...
Register platform support module: C:/Program Files/Unity/Editor/Data/PlaybackEngines/WebGLSupport/UnityEditor.WebGL.Extensions.dll
Register platform support module: C:/Program Files/Unity/Editor/Data/PlaybackEngines/MacStandaloneSupport/UnityEditor.OSXStandalone.Extensions.dll
Register platform support module: C:/Program Files/Unity/Editor/Data/PlaybackEngines/WindowsStandaloneSupport/UnityEditor.WindowsStandalone.Extensions.dll
Register platform support module: C:/Program Files/Unity/Editor/Data/PlaybackEngines/LinuxStandaloneSupport/UnityEditor.LinuxStandalone.Extensions.dll
Register platform support module: C:/Program Files/Unity/Editor/Data/PlaybackEngines/LuminSupport/UnityEditor.Lumin.Extensions.dll
Registered in 0.006168 seconds.
Native extension for Lumin target not found
Native extension for LinuxStandalone target not found
Native extension for WindowsStandalone target not found
Native extension for OSXStandalone target not found
Native extension for WebGL target not found
Refreshing native plugins compatible for Editor in 25.78 ms, found 2 plugins.
Preloading 0 native plugins for Editor in 0.00 ms.
Mono: successfully reloaded assembly
- Completed reload, in  1.418 seconds
Platform modules already initialized, skipping
Registering precompiled user dll's ...
Registered in 0.009338 seconds.
Begin MonoManager ReloadAssembly
Native extension for Lumin target not found
Native extension for LinuxStandalone target not found
Native extension for WindowsStandalone target not found
Native extension for OSXStandalone target not found
Native extension for WebGL target not found
Refreshing native plugins compatible for Editor in 0.27 ms, found 2 plugins.
Preloading 0 native plugins for Editor in 0.00 ms.
Mono: successfully reloaded assembly
- Completed reload, in  1.030 seconds
Platform modules already initialized, skipping
========================================================================
Worker process is ready to serve import requests
Launched and connected shader compiler UnityShaderCompiler.exe after 0.07 seconds
Refreshing native plugins compatible for Editor in 0.26 ms, found 2 plugins.
Preloading 0 native plugins for Editor in 0.00 ms.
Unloading 1387 Unused Serialized files (Serialized files now loaded: 0)
System memory in use before: 64.5 MB.
System memory in use after: 64.6 MB.

Unloading 18 unused Assets to reduce memory usage. Loaded Objects now: 1821.
Total: 1.987900 ms (FindLiveObjects: 0.155000 ms CreateObjectMapping: 0.064900 ms MarkObjects: 1.692900 ms  DeleteObjects: 0.074000 ms)

========================================================================
Received Import Request.
  path: Assets/Grass.mat
  artifactKey: Guid(00fdab7a5e5325541acc66045b7a5c35) Importer(815301076,1909f56bfc062723c751e8b465ee728b)
Start importing Assets/Grass.mat using Guid(00fdab7a5e5325541acc66045b7a5c35) Importer(815301076,1909f56bfc062723c751e8b465ee728b)  -> (artifact id: '3140f5228c30471154ee911ba657c172') in 0.378338 seconds
  Import took 0.380707 seconds .

========================================================================
Received Import Request.
  Time since last request: 22.593887 seconds.
  path: Assets/WallRun.unity
  artifactKey: Guid(f2fe56082f4690446a2f5614d9fffbd4) Importer(815301076,1909f56bfc062723c751e8b465ee728b)
Start importing Assets/WallRun.unity using Guid(f2fe56082f4690446a2f5614d9fffbd4) Importer(815301076,1909f56bfc062723c751e8b465ee728b)  -> (artifact id: '4228fc70f47844ad3a067976d17dd865') in 0.006526 seconds
  Import took 0.008907 seconds .

========================================================================
Received Import Request.
  Time since last request: 0.010249 seconds.
  path: Assets/WallRun.unity
  artifactKey: Guid(f2fe56082f4690446a2f5614d9fffbd4) Importer(815301076,1909f56bfc062723c751e8b465ee728b)
Start importing Assets/WallRun.unity using Guid(f2fe56082f4690446a2f5614d9fffbd4) Importer(815301076,1909f56bfc062723c751e8b465ee728b)  -> (artifact id: '4228fc70f47844ad3a067976d17dd865') in 0.005770 seconds
  Import took 0.008564 seconds .

========================================================================
Received Import Request.
  Time since last request: 9.691670 seconds.
  path: ProjectSettings/TagManager.asset
  artifactKey: Guid(00000000000000003000000000000000) Importer(815301076,1909f56bfc062723c751e8b465ee728b)
Start importing ProjectSettings/TagManager.asset using Guid(00000000000000003000000000000000) Importer(815301076,1909f56bfc062723c751e8b465ee728b)  -> (artifact id: '1b4d51970ed7f1534a236b98da1ecd8d') in 0.008845 seconds
  Import took 0.011170 seconds .

========================================================================
Received Import Request.
  Time since last request: 0.000989 seconds.
  path: ProjectSettings/TagManager.asset
  artifactKey: Guid(00000000000000003000000000000000) Importer(815301076,1909f56bfc062723c751e8b465ee728b)
Start importing ProjectSettings/TagManager.asset using Guid(00000000000000003000000000000000) Importer(815301076,1909f56bfc062723c751e8b465ee728b)  -> (artifact id: '1b4d51970ed7f1534a236b98da1ecd8d') in 0.006441 seconds
  Import took 0.008731 seconds .

========================================================================
Received Import Request.
  Time since last request: 32.743633 seconds.
  path: ProjectSettings/TagManager.asset
  artifactKey: Guid(00000000000000003000000000000000) Importer(815301076,1909f56bfc062723c751e8b465ee728b)
Start importing ProjectSettings/TagManager.asset using Guid(00000000000000003000000000000000) Importer(815301076,1909f56bfc062723c751e8b465ee728b)  -> (artifact id: 'ce6a35c3cddc746e7501c0bd0ed6d4ce') in 0.006059 seconds
  Import took 0.008838 seconds .

========================================================================
Received Import Request.
  Time since last request: 0.000602 seconds.
  path: ProjectSettings/TagManager.asset
  artifactKey: Guid(00000000000000003000000000000000) Importer(815301076,1909f56bfc062723c751e8b465ee728b)
Start importing ProjectSettings/TagManager.asset using Guid(00000000000000003000000000000000) Importer(815301076,1909f56bfc062723c751e8b465ee728b)  -> (artifact id: 'ce6a35c3cddc746e7501c0bd0ed6d4ce') in 0.006053 seconds
  Import took 0.008281 seconds .

========================================================================
Received Import Request.
  Time since last request: 12.949946 seconds.
  path: Assets/Movement.cs
  artifactKey: Guid(848be62d7d2eae84a9c6f69ef686438d) Importer(815301076,1909f56bfc062723c751e8b465ee728b)
Start importing Assets/Movement.cs using Guid(848be62d7d2eae84a9c6f69ef686438d) Importer(815301076,1909f56bfc062723c751e8b465ee728b)  -> (artifact id: '8261f0e10a84df7243a6f233be365959') in 0.017887 seconds
  Import took 0.020377 seconds .

========================================================================
Received Import Request.
  Time since last request: 210.754934 seconds.
  path: Assets/Movement.cs
  artifactKey: Guid(848be62d7d2eae84a9c6f69ef686438d) Importer(815301076,1909f56bfc062723c751e8b465ee728b)
Start importing Assets/Movement.cs using Guid(848be62d7d2eae84a9c6f69ef686438d) Importer(815301076,1909f56bfc062723c751e8b465ee728b)  -> (artifact id: '65d7cdf19c2b7d6e9f16b296a3be57a4') in 0.005746 seconds
  Import took 0.008453 seconds .

========================================================================
Received Prepare
Registering precompiled user dll's ...
Registered in 0.009328 seconds.
Begin MonoManager ReloadAssembly
Native extension for Lumin target not found
Native extension for LinuxStandalone target not found
Native extension for WindowsStandalone target not found
Native extension for OSXStandalone target not found
Native extension for WebGL target not found
Refreshing native plugins compatible for Editor in 0.27 ms, found 2 plugins.
Preloading 0 native plugins for Editor in 0.00 ms.
Mono: successfully reloaded assembly
- Completed reload, in  0.941 seconds
Platform modules already initialized, skipping
Refreshing native plugins compatible for Editor in 0.27 ms, found 2 plugins.
Preloading 0 native plugins for Editor in 0.00 ms.
Unloading 1381 Unused Serialized files (Serialized files now loaded: 0)
System memory in use before: 67.7 MB.
System memory in use after: 67.8 MB.

Unloading 17 unused Assets to reduce memory usage. Loaded Objects now: 1864.
Total: 1.629500 ms (FindLiveObjects: 0.148800 ms CreateObjectMapping: 0.057800 ms MarkObjects: 1.403800 ms  DeleteObjects: 0.018200 ms)

========================================================================
Received Import Request.
  Time since last request: 62.875692 seconds.
  path: Assets/Movement.cs
  artifactKey: Guid(848be62d7d2eae84a9c6f69ef686438d) Importer(815301076,1909f56bfc062723c751e8b465ee728b)
Start importing Assets/Movement.cs using Guid(848be62d7d2eae84a9c6f69ef686438d) Importer(815301076,1909f56bfc062723c751e8b465ee728b)  -> (artifact id: '979499d3c1b22c41d45e9b091bfcfceb') in 0.008479 seconds
  Import took 0.010795 seconds .

========================================================================
Received Import Request.
  Time since last request: 7.540798 seconds.
  path: Assets/Movement.cs
  artifactKey: Guid(848be62d7d2eae84a9c6f69ef686438d) Importer(815301076,1909f56bfc062723c751e8b465ee728b)
Start importing Assets/Movement.cs using Guid(848be62d7d2eae84a9c6f69ef686438d) Importer(815301076,1909f56bfc062723c751e8b465ee728b)  -> (artifact id: '349ba4e5b1cd073602e6851dc0ca38f0') in 0.005666 seconds
  Import took 0.008034 seconds .

========================================================================
Received Import Request.
  Time since last request: 0.015739 seconds.
  path: Assets/Movement.cs
  artifactKey: Guid(848be62d7d2eae84a9c6f69ef686438d) Importer(815301076,1909f56bfc062723c751e8b465ee728b)
Start importing Assets/Movement.cs using Guid(848be62d7d2eae84a9c6f69ef686438d) Importer(815301076,1909f56bfc062723c751e8b465ee728b)  -> (artifact id: '349ba4e5b1cd073602e6851dc0ca38f0') in 0.006453 seconds
  Import took 0.009269 seconds .

========================================================================
Received Prepare
Registering precompiled user dll's ...
Registered in 0.009475 seconds.
Begin MonoManager ReloadAssembly
Native extension for Lumin target not found
Native extension for LinuxStandalone target not found
Native extension for WindowsStandalone target not found
Native extension for OSXStandalone target not found
Native extension for WebGL target not found
Refreshing native plugins compatible for Editor in 0.26 ms, found 2 plugins.
Preloading 0 native plugins for Editor in 0.00 ms.
Mono: successfully reloaded assembly
- Completed reload, in  0.928 seconds
Platform modules already initialized, skipping
Refreshing native plugins compatible for Editor in 0.28 ms, found 2 plugins.
Preloading 0 native plugins for Editor in 0.00 ms.
Unloading 1381 Unused Serialized files (Serialized files now loaded: 0)
System memory in use before: 67.8 MB.
System memory in use after: 67.9 MB.

Unloading 13 unused Assets to reduce memory usage. Loaded Objects now: 1867.
Total: 1.797300 ms (FindLiveObjects: 0.120000 ms CreateObjectMapping: 0.052700 ms MarkObjects: 1.609800 ms  DeleteObjects: 0.014200 ms)

========================================================================
Received Prepare
Registering precompiled user dll's ...
Registered in 0.008617 seconds.
Begin MonoManager ReloadAssembly
Native extension for Lumin target not found
Native extension for LinuxStandalone target not found
Native extension for WindowsStandalone target not found
Native extension for OSXStandalone target not found
Native extension for WebGL target not found
Refreshing native plugins compatible for Editor in 0.30 ms, found 2 plugins.
Preloading 0 native plugins for Editor in 0.00 ms.
Mono: successfully reloaded assembly
- Completed reload, in  1.057 seconds
Platform modules already initialized, skipping
Refreshing native plugins compatible for Editor in 0.27 ms, found 2 plugins.
Preloading 0 native plugins for Editor in 0.00 ms.
Unloading 1381 Unused Serialized files (Serialized files now loaded: 0)
System memory in use before: 67.8 MB.
System memory in use after: 67.9 MB.

Unloading 13 unused Assets to reduce memory usage. Loaded Objects now: 1870.
Total: 2.224800 ms (FindLiveObjects: 0.177000 ms CreateObjectMapping: 0.072300 ms MarkObjects: 1.944000 ms  DeleteObjects: 0.029400 ms)

========================================================================
Received Prepare
Registering precompiled user dll's ...
Registered in 0.008479 seconds.
Begin MonoManager ReloadAssembly
Native extension for Lumin target not found
Native extension for LinuxStandalone target not found
Native extension for WindowsStandalone target not found
Native extension for OSXStandalone target not found
Native extension for WebGL target not found
Refreshing native plugins compatible for Editor in 0.27 ms, found 2 plugins.
Preloading 0 native plugins for Editor in 0.00 ms.
Mono: successfully reloaded assembly
- Completed reload, in  0.919 seconds
Platform modules already initialized, skipping
Refreshing native plugins compatible for Editor in 0.26 ms, found 2 plugins.
Preloading 0 native plugins for Editor in 0.00 ms.
Unloading 1381 Unused Serialized files (Serialized files now loaded: 0)
System memory in use before: 67.8 MB.
System memory in use after: 67.9 MB.

Unloading 13 unused Assets to reduce memory usage. Loaded Objects now: 1873.
Total: 1.836700 ms (FindLiveObjects: 0.133900 ms CreateObjectMapping: 0.057700 ms MarkObjects: 1.628200 ms  DeleteObjects: 0.016000 ms)

========================================================================
Received Import Request.
  Time since last request: 35.109567 seconds.
  path: Assets/Movement.cs
  artifactKey: Guid(848be62d7d2eae84a9c6f69ef686438d) Importer(815301076,1909f56bfc062723c751e8b465ee728b)
Start importing Assets/Movement.cs using Guid(848be62d7d2eae84a9c6f69ef686438d) Importer(815301076,1909f56bfc062723c751e8b465ee728b)  -> (artifact id: 'b15dc6abde78494880d02c20f7cd9ffe') in 0.007383 seconds
  Import took 0.009569 seconds .

========================================================================
Received Import Request.
  Time since last request: 0.929602 seconds.
  path: Assets/Movement.cs
  artifactKey: Guid(848be62d7d2eae84a9c6f69ef686438d) Importer(815301076,1909f56bfc062723c751e8b465ee728b)
Start importing Assets/Movement.cs using Guid(848be62d7d2eae84a9c6f69ef686438d) Importer(815301076,1909f56bfc062723c751e8b465ee728b)  -> (artifact id: 'b15dc6abde78494880d02c20f7cd9ffe') in 0.009372 seconds
  Import took 0.011965 seconds .

========================================================================
Received Prepare
Registering precompiled user dll's ...
Registered in 0.009629 seconds.
Begin MonoManager ReloadAssembly
Native extension for Lumin target not found
Native extension for LinuxStandalone target not found
Native extension for WindowsStandalone target not found
Native extension for OSXStandalone target not found
Native extension for WebGL target not found
Refreshing native plugins compatible for Editor in 0.28 ms, found 2 plugins.
Preloading 0 native plugins for Editor in 0.00 ms.
Mono: successfully reloaded assembly
- Completed reload, in  1.007 seconds
Platform modules already initialized, skipping
Refreshing native plugins compatible for Editor in 0.28 ms, found 2 plugins.
Preloading 0 native plugins for Editor in 0.00 ms.
Unloading 1381 Unused Serialized files (Serialized files now loaded: 0)
System memory in use before: 67.8 MB.
System memory in use after: 67.9 MB.

Unloading 13 unused Assets to reduce memory usage. Loaded Objects now: 1876.
Total: 2.826300 ms (FindLiveObjects: 0.210900 ms CreateObjectMapping: 0.091600 ms MarkObjects: 2.498600 ms  DeleteObjects: 0.024100 ms)

========================================================================
Received Import Request.
  Time since last request: 28.307384 seconds.
  path: Assets/Movement.cs
  artifactKey: Guid(848be62d7d2eae84a9c6f69ef686438d) Importer(815301076,1909f56bfc062723c751e8b465ee728b)
Start importing Assets/Movement.cs using Guid(848be62d7d2eae84a9c6f69ef686438d) Importer(815301076,1909f56bfc062723c751e8b465ee728b)  -> (artifact id: '9da4de07b683ca15b012df73b95fc42c') in 0.008794 seconds
  Import took 0.011739 seconds .

========================================================================
Received Prepare
Registering precompiled user dll's ...
Registered in 0.008704 seconds.
Begin MonoManager ReloadAssembly
Native extension for Lumin target not found
Native extension for LinuxStandalone target not found
Native extension for WindowsStandalone target not found
Native extension for OSXStandalone target not found
Native extension for WebGL target not found
Refreshing native plugins compatible for Editor in 0.27 ms, found 2 plugins.
Preloading 0 native plugins for Editor in 0.00 ms.
Mono: successfully reloaded assembly
- Completed reload, in  0.929 seconds
Platform modules already initialized, skipping
Refreshing native plugins compatible for Editor in 0.29 ms, found 2 plugins.
Preloading 0 native plugins for Editor in 0.00 ms.
Unloading 1381 Unused Serialized files (Serialized files now loaded: 0)
System memory in use before: 67.8 MB.
System memory in use after: 67.9 MB.

Unloading 13 unused Assets to reduce memory usage. Loaded Objects now: 1879.
Total: 1.788100 ms (FindLiveObjects: 0.118200 ms CreateObjectMapping: 0.050400 ms MarkObjects: 1.604300 ms  DeleteObjects: 0.014300 ms)

========================================================================
Received Prepare
Registering precompiled user dll's ...
Registered in 0.009352 seconds.
Begin MonoManager ReloadAssembly
Native extension for Lumin target not found
Native extension for LinuxStandalone target not found
Native extension for WindowsStandalone target not found
Native extension for OSXStandalone target not found
Native extension for WebGL target not found
Refreshing native plugins compatible for Editor in 0.27 ms, found 2 plugins.
Preloading 0 native plugins for Editor in 0.00 ms.
Mono: successfully reloaded assembly
- Completed reload, in  0.944 seconds
Platform modules already initialized, skipping
Refreshing native plugins compatible for Editor in 0.28 ms, found 2 plugins.
Preloading 0 native plugins for Editor in 0.00 ms.
Unloading 1381 Unused Serialized files (Serialized files now loaded: 0)
System memory in use before: 67.8 MB.
System memory in use after: 67.9 MB.

Unloading 13 unused Assets to reduce memory usage. Loaded Objects now: 1882.
Total: 1.897500 ms (FindLiveObjects: 0.131700 ms CreateObjectMapping: 0.055000 ms MarkObjects: 1.694000 ms  DeleteObjects: 0.015900 ms)

========================================================================
Received Prepare
Registering precompiled user dll's ...
Registered in 0.009422 seconds.
Begin MonoManager ReloadAssembly
Native extension for Lumin target not found
Native extension for LinuxStandalone target not found
Native extension for WindowsStandalone target not found
Native extension for OSXStandalone target not found
Native extension for WebGL target not found
Refreshing native plugins compatible for Editor in 0.27 ms, found 2 plugins.
Preloading 0 native plugins for Editor in 0.00 ms.
Mono: successfully reloaded assembly
- Completed reload, in  0.904 seconds
Platform modules already initialized, skipping
Refreshing native plugins compatible for Editor in 0.33 ms, found 2 plugins.
Preloading 0 native plugins for Editor in 0.00 ms.
Unloading 1381 Unused Serialized files (Serialized files now loaded: 0)
System memory in use before: 67.8 MB.
System memory in use after: 67.9 MB.

Unloading 13 unused Assets to reduce memory usage. Loaded Objects now: 1885.
Total: 1.896700 ms (FindLiveObjects: 0.137200 ms CreateObjectMapping: 0.047800 ms MarkObjects: 1.696500 ms  DeleteObjects: 0.014500 ms)

========================================================================
Received Prepare
Registering precompiled user dll's ...
Registered in 0.009422 seconds.
Begin MonoManager ReloadAssembly
Native extension for Lumin target not found
Native extension for LinuxStandalone target not found
Native extension for WindowsStandalone target not found
Native extension for OSXStandalone target not found
Native extension for WebGL target not found
Refreshing native plugins compatible for Editor in 0.28 ms, found 2 plugins.
Preloading 0 native plugins for Editor in 0.00 ms.
Mono: successfully reloaded assembly
- Completed reload, in  0.917 seconds
Platform modules already initialized, skipping
Refreshing native plugins compatible for Editor in 0.27 ms, found 2 plugins.
Preloading 0 native plugins for Editor in 0.00 ms.
Unloading 1381 Unused Serialized files (Serialized files now loaded: 0)
System memory in use before: 67.8 MB.
System memory in use after: 67.9 MB.

Unloading 13 unused Assets to reduce memory usage. Loaded Objects now: 1888.
Total: 2.523500 ms (FindLiveObjects: 0.126000 ms CreateObjectMapping: 0.052400 ms MarkObjects: 2.324100 ms  DeleteObjects: 0.019800 ms)

========================================================================
Received Prepare
Registering precompiled user dll's ...
Registered in 0.008592 seconds.
Begin MonoManager ReloadAssembly
Native extension for Lumin target not found
Native extension for LinuxStandalone target not found
Native extension for WindowsStandalone target not found
Native extension for OSXStandalone target not found
Native extension for WebGL target not found
Refreshing native plugins compatible for Editor in 0.27 ms, found 2 plugins.
Preloading 0 native plugins for Editor in 0.00 ms.
Mono: successfully reloaded assembly
- Completed reload, in  0.942 seconds
Platform modules already initialized, skipping
Refreshing native plugins compatible for Editor in 0.27 ms, found 2 plugins.
Preloading 0 native plugins for Editor in 0.00 ms.
Unloading 1381 Unused Serialized files (Serialized files now loaded: 0)
System memory in use before: 67.8 MB.
System memory in use after: 67.9 MB.

Unloading 13 unused Assets to reduce memory usage. Loaded Objects now: 1891.
Total: 1.631700 ms (FindLiveObjects: 0.128600 ms CreateObjectMapping: 0.056700 ms MarkObjects: 1.431000 ms  DeleteObjects: 0.014600 ms)

========================================================================
Received Prepare
Registering precompiled user dll's ...
Registered in 0.010519 seconds.
Begin MonoManager ReloadAssembly
Native extension for Lumin target not found
Native extension for LinuxStandalone target not found
Native extension for WindowsStandalone target not found
Native extension for OSXStandalone target not found
Native extension for WebGL target not found
Refreshing native plugins compatible for Editor in 0.32 ms, found 2 plugins.
Preloading 0 native plugins for Editor in 0.00 ms.
Mono: successfully reloaded assembly
- Completed reload, in  1.062 seconds
Platform modules already initialized, skipping
Refreshing native plugins compatible for Editor in 0.27 ms, found 2 plugins.
Preloading 0 native plugins for Editor in 0.00 ms.
Unloading 1381 Unused Serialized files (Serialized files now loaded: 0)
System memory in use before: 67.8 MB.
System memory in use after: 67.9 MB.

Unloading 13 unused Assets to reduce memory usage. Loaded Objects now: 1894.
Total: 1.840700 ms (FindLiveObjects: 0.145900 ms CreateObjectMapping: 0.061100 ms MarkObjects: 1.614100 ms  DeleteObjects: 0.018500 ms)

